[0m16:06:05.195364 [debug] [MainThread]: Sending event: {'category': 'dbt', 'action': 'invocation', 'label': 'start', 'context': [<snowplow_tracker.self_describing_json.SelfDescribingJson object at 0x000001EB74ED6F90>, <snowplow_tracker.self_describing_json.SelfDescribingJson object at 0x000001EB74ED68D0>, <snowplow_tracker.self_describing_json.SelfDescribingJson object at 0x000001EB74F3F890>]}


============================== 16:06:05.202048 | 9bb201eb-ce97-4d38-bf54-971e0b65496e ==============================
[0m16:06:05.202048 [info ] [MainThread]: Running with dbt=1.10.11
[0m16:06:05.203051 [debug] [MainThread]: running dbt with arguments {'partial_parse': 'True', 'static_parser': 'True', 'send_anonymous_usage_stats': 'True', 'use_colors': 'True', 'cache_selected_only': 'False', 'target_path': 'None', 'warn_error': 'None', 'invocation_command': 'dbt init marketpulse_dbt', 'log_format': 'default', 'version_check': 'True', 'introspect': 'True', 'debug': 'False', 'printer_width': '80', 'fail_fast': 'False', 'no_print': 'None', 'empty': 'None', 'use_experimental_parser': 'False', 'quiet': 'False', 'log_cache_events': 'False', 'log_path': 'logs', 'indirect_selection': 'eager', 'write_json': 'True', 'warn_error_options': 'WarnErrorOptionsV2(error=[], warn=[], silence=[])', 'profiles_dir': 'C:\\Users\\Admin\\.dbt'}
[0m16:06:05.243025 [info ] [MainThread]: Creating dbt configuration folder at C:\Users\Admin\.dbt
[0m16:06:05.247228 [debug] [MainThread]: Starter project path: C:\Users\Admin\Desktop\Data Engineering Project\Stock Market Data Pipeline with Predictive Analytics\myenv\Lib\site-packages\dbt\include\starter_project
[0m16:06:05.322452 [info ] [MainThread]: 
Your new dbt project "marketpulse_dbt" was created!

For more information on how to configure the profiles.yml file,
please consult the dbt documentation here:

  https://docs.getdbt.com/docs/configure-your-profile

One more thing:

Need help? Don't hesitate to reach out to us via GitHub issues or on Slack:

  https://community.getdbt.com/

Happy modeling!

[0m16:06:05.323458 [info ] [MainThread]: Setting up your profile.
[0m16:09:29.452406 [info ] [MainThread]: Profile marketpulse_dbt written to C:\Users\Admin\.dbt\profiles.yml using target's profile_template.yml and your supplied values. Run 'dbt debug' to validate the connection.
[0m16:09:29.453407 [debug] [MainThread]: Command `dbt init` succeeded at 16:09:29.453407 after 204.32 seconds
[0m16:09:29.454622 [debug] [MainThread]: Sending event: {'category': 'dbt', 'action': 'invocation', 'label': 'end', 'context': [<snowplow_tracker.self_describing_json.SelfDescribingJson object at 0x000001EB74F14510>, <snowplow_tracker.self_describing_json.SelfDescribingJson object at 0x000001EB6E360610>, <snowplow_tracker.self_describing_json.SelfDescribingJson object at 0x000001EB74B8F710>]}
[0m16:09:29.454622 [debug] [MainThread]: Flushing usage events
[0m16:09:29.857696 [debug] [MainThread]: An error was encountered while trying to flush usage events
[0m16:38:23.647435 [debug] [MainThread]: Sending event: {'category': 'dbt', 'action': 'invocation', 'label': 'start', 'context': [<snowplow_tracker.self_describing_json.SelfDescribingJson object at 0x000001363A056150>, <snowplow_tracker.self_describing_json.SelfDescribingJson object at 0x000001363A055590>, <snowplow_tracker.self_describing_json.SelfDescribingJson object at 0x000001363A056850>]}


============================== 16:38:23.652429 | 8e9b8f68-f493-47ad-9ace-30bfd139e5a6 ==============================
[0m16:38:23.652429 [info ] [MainThread]: Running with dbt=1.10.11
[0m16:38:23.652429 [debug] [MainThread]: running dbt with arguments {'partial_parse': 'True', 'profiles_dir': 'C:\\Users\\Admin\\.dbt', 'send_anonymous_usage_stats': 'True', 'use_colors': 'True', 'cache_selected_only': 'False', 'target_path': 'None', 'warn_error': 'None', 'invocation_command': 'dbt deps', 'log_format': 'default', 'version_check': 'True', 'introspect': 'True', 'debug': 'False', 'log_cache_events': 'False', 'fail_fast': 'False', 'no_print': 'None', 'empty': 'None', 'quiet': 'False', 'printer_width': '80', 'use_experimental_parser': 'False', 'log_path': 'logs', 'indirect_selection': 'eager', 'write_json': 'True', 'static_parser': 'True', 'warn_error_options': 'WarnErrorOptionsV2(error=[], warn=[], silence=[])'}
[0m16:38:23.653441 [error] [MainThread]: Encountered an error:
Runtime Error
  No dbt_project.yml found at expected path C:\Users\Admin\Desktop\Data Engineering Project\Stock Market Data Pipeline with Predictive Analytics\dbt\dbt_project.yml
  Verify that each entry within packages.yml (and their transitive dependencies) contains a file named dbt_project.yml
  
[0m16:38:23.654685 [debug] [MainThread]: Command `dbt deps` failed at 16:38:23.654685 after 0.07 seconds
[0m16:38:23.654685 [debug] [MainThread]: Sending event: {'category': 'dbt', 'action': 'invocation', 'label': 'end', 'context': [<snowplow_tracker.self_describing_json.SelfDescribingJson object at 0x00000136335DFFD0>, <snowplow_tracker.self_describing_json.SelfDescribingJson object at 0x000001363A05F6D0>, <snowplow_tracker.self_describing_json.SelfDescribingJson object at 0x0000013633341E10>]}
[0m16:38:23.656195 [debug] [MainThread]: Flushing usage events
[0m16:38:24.213728 [debug] [MainThread]: An error was encountered while trying to flush usage events
